<?xml version="1.0" encoding="UTF-8"?>
<testng-results ignored="0" total="1" passed="1" failed="0" skipped="0">
  <reporter-output>
  </reporter-output>
  <suite started-at="2022-01-16T14:39:18 IST" name="JopPackage.JobTest" finished-at="2022-01-16T14:39:31 IST" duration-ms="12872">
    <groups>
    </groups>
    <test started-at="2022-01-16T14:39:18 IST" name="Command line test" finished-at="2022-01-16T14:39:31 IST" duration-ms="12872">
      <class name="JopPackage.JobTest">
        <test-method signature="LetsBuild()[pri:0, instance:JopPackage.JobTest@587c290d]" started-at="2022-01-16T14:39:18 IST" name="LetsBuild" finished-at="2022-01-16T14:39:31 IST" duration-ms="12757" status="PASS">
          <reporter-output>
          </reporter-output>
        </test-method> <!-- LetsBuild -->
      </class> <!-- JopPackage.JobTest -->
    </test> <!-- Command line test -->
  </suite> <!-- JopPackage.JobTest -->
</testng-results>
