<?xml version="1.0" encoding="UTF-8"?>
<testng-results skipped="0" failed="0" ignored="0" total="1" passed="1">
  <reporter-output>
  </reporter-output>
  <suite name="Default suite" duration-ms="8113" started-at="2022-01-16T09:04:08Z" finished-at="2022-01-16T09:04:16Z">
    <groups>
    </groups>
    <test name="Default test" duration-ms="8113" started-at="2022-01-16T09:04:08Z" finished-at="2022-01-16T09:04:16Z">
      <class name="JopPackage.JobTest">
        <test-method status="PASS" signature="LetsBuild()[pri:0, instance:JopPackage.JobTest@884c645a]" name="LetsBuild" duration-ms="8063" started-at="2022-01-16T09:04:08Z" finished-at="2022-01-16T09:04:16Z">
          <reporter-output>
          </reporter-output>
        </test-method> <!-- LetsBuild -->
      </class> <!-- JopPackage.JobTest -->
    </test> <!-- Default test -->
  </suite> <!-- Default suite -->
</testng-results>
